[2025-03-27T22:55:25.913037+00:00] main.INFO: {"feed":"undefined","operation":"undefined","status":"Setting mode Update On Schedule for indexer Sales Order Feed","elapsed":"595 ms","pid":"3452464","caller":"bin\/magento setup:install --base-url=https:\/\/c.babyplaza.com.pe\/ --db-host=localhost --db-name=cbabyplazam2db --db-user=usrdbm2"} [] []
[2025-03-27T22:55:26.135781+00:00] main.INFO: {"feed":"undefined","operation":"undefined","status":"Setting mode Update On Schedule for indexer Sales Order Statuses Feed","elapsed":"818 ms","pid":"3452464","caller":"bin\/magento setup:install --base-url=https:\/\/c.babyplaza.com.pe\/ --db-host=localhost --db-name=cbabyplazam2db --db-user=usrdbm2"} [] []
[2025-03-27T22:55:26.234440+00:00] main.INFO: {"feed":"undefined","operation":"undefined","status":"Setting mode Update On Schedule for indexer Stores Feed","elapsed":"916 ms","pid":"3452464","caller":"bin\/magento setup:install --base-url=https:\/\/c.babyplaza.com.pe\/ --db-host=localhost --db-name=cbabyplazam2db --db-user=usrdbm2"} [] []
[2025-03-27T22:56:12.310701+00:00] main.INFO: {"feed":"salesOrderStatuses","operation":"partial reindex (legacy)","status":"Initialize","elapsed":"00:00:00 390 ms","pid":"3471044","caller":"\/var\/www\/c.babyplaza.com.pe\/html\/bin\/magento cron:run --group=index --bootstrap=standaloneProcessStarted=1"} [] []
[2025-03-27T22:56:12.376901+00:00] main.INFO: {"feed":"salesOrderStatuses","operation":"partial reindex (legacy)","status":"start processing `12` items in `1` threads","elapsed":"00:00:00 456 ms","pid":"3471044","caller":"\/var\/www\/c.babyplaza.com.pe\/html\/bin\/magento cron:run --group=index --bootstrap=standaloneProcessStarted=1"} [] []
[2025-03-27T22:56:12.395093+00:00] main.INFO: {"feed":"salesOrderStatuses","operation":"partial reindex (legacy)","status":"Progress 1\/1, processed 12, synced 12","elapsed":"00:00:00 475 ms","pid":"3471044","caller":"\/var\/www\/c.babyplaza.com.pe\/html\/bin\/magento cron:run --group=index --bootstrap=standaloneProcessStarted=1"} [] []
[2025-03-27T22:56:12.403367+00:00] main.INFO: {"feed":"salesOrderStatuses","operation":"partial reindex (legacy)","status":"Complete","elapsed":"00:00:00 483 ms","pid":"3471044","caller":"\/var\/www\/c.babyplaza.com.pe\/html\/bin\/magento cron:run --group=index --bootstrap=standaloneProcessStarted=1"} [] []
[2025-03-27T22:56:12.404751+00:00] main.INFO: {"feed":"stores","operation":"partial reindex (legacy)","status":"Initialize","elapsed":"00:00:00 578 ms","pid":"3471044","caller":"\/var\/www\/c.babyplaza.com.pe\/html\/bin\/magento cron:run --group=index --bootstrap=standaloneProcessStarted=1"} [] []
[2025-03-27T22:56:12.465009+00:00] main.INFO: {"feed":"stores","operation":"partial reindex (legacy)","status":"start processing `2` items in `1` threads","elapsed":"00:00:00 639 ms","pid":"3471044","caller":"\/var\/www\/c.babyplaza.com.pe\/html\/bin\/magento cron:run --group=index --bootstrap=standaloneProcessStarted=1"} [] []
[2025-03-27T22:56:12.472021+00:00] main.INFO: {"feed":"stores","operation":"partial reindex (legacy)","status":"Progress 1\/1, processed 2, synced 2","elapsed":"00:00:00 646 ms","pid":"3471044","caller":"\/var\/www\/c.babyplaza.com.pe\/html\/bin\/magento cron:run --group=index --bootstrap=standaloneProcessStarted=1"} [] []
[2025-03-27T22:56:12.476508+00:00] main.INFO: {"feed":"stores","operation":"partial reindex (legacy)","status":"Complete","elapsed":"00:00:00 650 ms","pid":"3471044","caller":"\/var\/www\/c.babyplaza.com.pe\/html\/bin\/magento cron:run --group=index --bootstrap=standaloneProcessStarted=1"} [] []
[2025-03-28T00:35:32.370533+00:00] main.INFO: {"feed":"salesOrders","operation":"full reindex(legacy)","status":"Initialize","elapsed":"00:00:00 509 ms","pid":"3583576","caller":"bin\/magento indexer:reindex"} [] []
[2025-03-28T00:35:32.421974+00:00] main.INFO: {"feed":"salesOrders","operation":"full reindex(legacy)","status":"Creating batch table `sales_data_exporter_orders_index_batches`. Start position: 0","elapsed":"00:00:00 560 ms","pid":"3583576","caller":"bin\/magento indexer:reindex"} [] []
[2025-03-28T00:35:32.460632+00:00] main.INFO: {"feed":"salesOrders","operation":"full reindex(legacy)","status":"Batch table `sales_data_exporter_orders_index_batches` created. Total Items: 0, batches: ~0","elapsed":"00:00:00 599 ms","pid":"3583576","caller":"bin\/magento indexer:reindex"} [] []
[2025-03-28T00:35:32.460821+00:00] main.INFO: {"feed":"salesOrders","operation":"full reindex(legacy)","status":"nothing to process - no items to sync. Not expected? Are there any items in source table `sales_order`?","elapsed":"00:00:00 599 ms","pid":"3583576","caller":"bin\/magento indexer:reindex"} [] []
[2025-03-28T00:35:32.465331+00:00] main.INFO: {"feed":"salesOrders","operation":"full reindex(legacy)","status":"Complete","elapsed":"00:00:00 604 ms","pid":"3583576","caller":"bin\/magento indexer:reindex"} [] []
[2025-03-28T00:35:32.478943+00:00] main.INFO: {"feed":"salesOrderStatuses","operation":"full reindex(legacy)","status":"Initialize","elapsed":"00:00:00 727 ms","pid":"3583576","caller":"bin\/magento indexer:reindex"} [] []
[2025-03-28T00:35:32.522050+00:00] main.INFO: {"feed":"salesOrderStatuses","operation":"full reindex(legacy)","status":"Creating batch table `sales_data_exporter_order_statuses_index_batches`. Start position: ","elapsed":"00:00:00 770 ms","pid":"3583576","caller":"bin\/magento indexer:reindex"} [] []
[2025-03-28T00:35:32.554033+00:00] main.INFO: {"feed":"salesOrderStatuses","operation":"full reindex(legacy)","status":"Batch table `sales_data_exporter_order_statuses_index_batches` created. Total Items: 12, batches: ~0","elapsed":"00:00:00 802 ms","pid":"3583576","caller":"bin\/magento indexer:reindex"} [] []
[2025-03-28T00:35:32.554244+00:00] main.INFO: {"feed":"salesOrderStatuses","operation":"full reindex(legacy)","status":"start processing `12` items in `1` threads with `100` batch size","elapsed":"00:00:00 802 ms","pid":"3583576","caller":"bin\/magento indexer:reindex"} [] []
[2025-03-28T00:35:32.566925+00:00] main.INFO: {"feed":"salesOrderStatuses","operation":"full reindex(legacy)","status":"Progress 1\/1, processed 12, synced 12","elapsed":"00:00:00 815 ms","pid":"3583576","caller":"bin\/magento indexer:reindex"} [] []
[2025-03-28T00:35:32.568562+00:00] main.INFO: {"feed":"salesOrderStatuses","operation":"full reindex(legacy)","status":"Complete","elapsed":"00:00:00 816 ms","pid":"3583576","caller":"bin\/magento indexer:reindex"} [] []
[2025-03-28T00:35:32.580062+00:00] main.INFO: {"feed":"stores","operation":"full reindex(legacy)","status":"Initialize","elapsed":"00:00:00 929 ms","pid":"3583576","caller":"bin\/magento indexer:reindex"} [] []
[2025-03-28T00:35:32.625207+00:00] main.INFO: {"feed":"stores","operation":"full reindex(legacy)","status":"Creating batch table `stores_data_exporter_index_batches`. Start position: 0","elapsed":"00:00:01 974 ms","pid":"3583576","caller":"bin\/magento indexer:reindex"} [] []
[2025-03-28T00:35:32.653493+00:00] main.INFO: {"feed":"stores","operation":"full reindex(legacy)","status":"Batch table `stores_data_exporter_index_batches` created. Total Items: 1, batches: ~0","elapsed":"00:00:01 2 ms","pid":"3583576","caller":"bin\/magento indexer:reindex"} [] []
[2025-03-28T00:35:32.653678+00:00] main.INFO: {"feed":"stores","operation":"full reindex(legacy)","status":"start processing `1` items in `1` threads with `100` batch size","elapsed":"00:00:01 3 ms","pid":"3583576","caller":"bin\/magento indexer:reindex"} [] []
[2025-03-28T00:35:32.660503+00:00] main.INFO: {"feed":"stores","operation":"full reindex(legacy)","status":"Progress 1\/1, processed 1, synced 1","elapsed":"00:00:01 9 ms","pid":"3583576","caller":"bin\/magento indexer:reindex"} [] []
[2025-03-28T00:35:32.662095+00:00] main.INFO: {"feed":"stores","operation":"full reindex(legacy)","status":"Complete","elapsed":"00:00:01 11 ms","pid":"3583576","caller":"bin\/magento indexer:reindex"} [] []
[2025-03-28T00:37:26.319382+00:00] main.INFO: {"feed":"salesOrders","operation":"full reindex(legacy)","status":"Initialize","elapsed":"00:00:00 408 ms","pid":"3583844","caller":"bin\/magento indexer:reindex"} [] []
[2025-03-28T00:37:26.355330+00:00] main.INFO: {"feed":"salesOrders","operation":"full reindex(legacy)","status":"Creating batch table `sales_data_exporter_orders_index_batches`. Start position: 0","elapsed":"00:00:00 444 ms","pid":"3583844","caller":"bin\/magento indexer:reindex"} [] []
[2025-03-28T00:37:26.375777+00:00] main.INFO: {"feed":"salesOrders","operation":"full reindex(legacy)","status":"Batch table `sales_data_exporter_orders_index_batches` created. Total Items: 0, batches: ~0","elapsed":"00:00:00 464 ms","pid":"3583844","caller":"bin\/magento indexer:reindex"} [] []
[2025-03-28T00:37:26.375910+00:00] main.INFO: {"feed":"salesOrders","operation":"full reindex(legacy)","status":"nothing to process - no items to sync. Not expected? Are there any items in source table `sales_order`?","elapsed":"00:00:00 464 ms","pid":"3583844","caller":"bin\/magento indexer:reindex"} [] []
[2025-03-28T00:37:26.377210+00:00] main.INFO: {"feed":"salesOrders","operation":"full reindex(legacy)","status":"Complete","elapsed":"00:00:00 465 ms","pid":"3583844","caller":"bin\/magento indexer:reindex"} [] []
[2025-03-28T00:37:26.388437+00:00] main.INFO: {"feed":"salesOrderStatuses","operation":"full reindex(legacy)","status":"Initialize","elapsed":"00:00:00 546 ms","pid":"3583844","caller":"bin\/magento indexer:reindex"} [] []
[2025-03-28T00:37:26.424936+00:00] main.INFO: {"feed":"salesOrderStatuses","operation":"full reindex(legacy)","status":"Creating batch table `sales_data_exporter_order_statuses_index_batches`. Start position: ","elapsed":"00:00:00 582 ms","pid":"3583844","caller":"bin\/magento indexer:reindex"} [] []
[2025-03-28T00:37:26.453991+00:00] main.INFO: {"feed":"salesOrderStatuses","operation":"full reindex(legacy)","status":"Batch table `sales_data_exporter_order_statuses_index_batches` created. Total Items: 12, batches: ~0","elapsed":"00:00:00 611 ms","pid":"3583844","caller":"bin\/magento indexer:reindex"} [] []
[2025-03-28T00:37:26.454190+00:00] main.INFO: {"feed":"salesOrderStatuses","operation":"full reindex(legacy)","status":"start processing `12` items in `1` threads with `100` batch size","elapsed":"00:00:00 612 ms","pid":"3583844","caller":"bin\/magento indexer:reindex"} [] []
[2025-03-28T00:37:26.461578+00:00] main.INFO: {"feed":"salesOrderStatuses","operation":"full reindex(legacy)","status":"Progress 1\/1, processed 12, synced 12","elapsed":"00:00:00 619 ms","pid":"3583844","caller":"bin\/magento indexer:reindex"} [] []
[2025-03-28T00:37:26.463568+00:00] main.INFO: {"feed":"salesOrderStatuses","operation":"full reindex(legacy)","status":"Complete","elapsed":"00:00:00 621 ms","pid":"3583844","caller":"bin\/magento indexer:reindex"} [] []
[2025-03-28T00:37:26.473839+00:00] main.INFO: {"feed":"stores","operation":"full reindex(legacy)","status":"Initialize","elapsed":"00:00:00 717 ms","pid":"3583844","caller":"bin\/magento indexer:reindex"} [] []
[2025-03-28T00:37:26.507092+00:00] main.INFO: {"feed":"stores","operation":"full reindex(legacy)","status":"Creating batch table `stores_data_exporter_index_batches`. Start position: 0","elapsed":"00:00:00 750 ms","pid":"3583844","caller":"bin\/magento indexer:reindex"} [] []
[2025-03-28T00:37:26.534339+00:00] main.INFO: {"feed":"stores","operation":"full reindex(legacy)","status":"Batch table `stores_data_exporter_index_batches` created. Total Items: 1, batches: ~0","elapsed":"00:00:00 777 ms","pid":"3583844","caller":"bin\/magento indexer:reindex"} [] []
[2025-03-28T00:37:26.534511+00:00] main.INFO: {"feed":"stores","operation":"full reindex(legacy)","status":"start processing `1` items in `1` threads with `100` batch size","elapsed":"00:00:00 777 ms","pid":"3583844","caller":"bin\/magento indexer:reindex"} [] []
[2025-03-28T00:37:26.538460+00:00] main.INFO: {"feed":"stores","operation":"full reindex(legacy)","status":"Progress 1\/1, processed 1, synced 1","elapsed":"00:00:00 781 ms","pid":"3583844","caller":"bin\/magento indexer:reindex"} [] []
[2025-03-28T00:37:26.540077+00:00] main.INFO: {"feed":"stores","operation":"full reindex(legacy)","status":"Complete","elapsed":"00:00:00 783 ms","pid":"3583844","caller":"bin\/magento indexer:reindex"} [] []
